[INFO] Scanning for projects...
[INFO] 
[INFO] ---------------------< com.example:velocity-demo >----------------------
[INFO] Building Velocity Template Demo 1.0.0
[INFO]   from pom.xml
[INFO] --------------------------------[ war ]---------------------------------
[INFO] 
[INFO] >>> tomcat7:2.2:run (default-cli) > process-classes @ velocity-demo >>>
[INFO] 
[INFO] --- resources:3.3.1:resources (default-resources) @ velocity-demo ---
[INFO] Copying 3 resources from src/main/resources to target/classes
[INFO] 
[INFO] --- compiler:3.8.1:compile (default-compile) @ velocity-demo ---
[INFO] Nothing to compile - all classes are up to date
[INFO] 
[INFO] <<< tomcat7:2.2:run (default-cli) < process-classes @ velocity-demo <<<
[INFO] 
[INFO] 
[INFO] --- tomcat7:2.2:run (default-cli) @ velocity-demo ---
[INFO] Running war on http://localhost:8084/velocity-demo
[INFO] Creating Tomcat server configuration at /Users/mbpr-m4/WorkSpace/Security_learning/tomcat_demo/08-velocity-demo/target/tomcat
[INFO] create webapp with contextPath: /velocity-demo
6月 15, 2025 10:55:51 下午 org.apache.coyote.AbstractProtocol init
INFO: Initializing ProtocolHandler ["http-bio-8084"]
6月 15, 2025 10:55:51 下午 org.apache.catalina.core.StandardService startInternal
INFO: Starting service Tomcat
6月 15, 2025 10:55:51 下午 org.apache.catalina.core.StandardEngine startInternal
INFO: Starting Servlet Engine: Apache Tomcat/7.0.47
6月 15, 2025 10:55:51 下午 org.apache.catalina.startup.ContextConfig processAnnotationsJar
SEVERE: Unable to process Jar entry [META-INF/versions/9/module-info.class] from Jar [jar:file:/Users/mbpr-m4/.m2/repository/com/fasterxml/jackson/core/jackson-core/2.13.3/jackson-core-2.13.3.jar!/] for annotations
org.apache.tomcat.util.bcel.classfile.ClassFormatException: Invalid byte tag in constant pool: 19
	at org.apache.tomcat.util.bcel.classfile.Constant.readConstant(Constant.java:133)
	at org.apache.tomcat.util.bcel.classfile.ConstantPool.<init>(ConstantPool.java:60)
	at org.apache.tomcat.util.bcel.classfile.ClassParser.readConstantPool(ClassParser.java:209)
	at org.apache.tomcat.util.bcel.classfile.ClassParser.parse(ClassParser.java:119)
	at org.apache.catalina.startup.ContextConfig.processAnnotationsStream(ContextConfig.java:2134)
	at org.apache.catalina.startup.ContextConfig.processAnnotationsJar(ContextConfig.java:2010)
	at org.apache.catalina.startup.ContextConfig.processAnnotationsUrl(ContextConfig.java:1976)
	at org.apache.catalina.startup.ContextConfig.processAnnotations(ContextConfig.java:1961)
	at org.apache.catalina.startup.ContextConfig.webConfig(ContextConfig.java:1319)
	at org.apache.catalina.startup.ContextConfig.configureStart(ContextConfig.java:878)
	at org.apache.catalina.startup.ContextConfig.lifecycleEvent(ContextConfig.java:376)
	at org.apache.catalina.util.LifecycleSupport.fireLifecycleEvent(LifecycleSupport.java:119)
	at org.apache.catalina.util.LifecycleBase.fireLifecycleEvent(LifecycleBase.java:90)
	at org.apache.catalina.core.StandardContext.startInternal(StandardContext.java:5322)
	at org.apache.catalina.util.LifecycleBase.start(LifecycleBase.java:150)
	at org.apache.catalina.core.ContainerBase$StartChild.call(ContainerBase.java:1559)
	at org.apache.catalina.core.ContainerBase$StartChild.call(ContainerBase.java:1549)
	at java.base/java.util.concurrent.FutureTask.run(FutureTask.java:264)
	at java.base/java.util.concurrent.ThreadPoolExecutor.runWorker(ThreadPoolExecutor.java:1128)
	at java.base/java.util.concurrent.ThreadPoolExecutor$Worker.run(ThreadPoolExecutor.java:628)
	at java.base/java.lang.Thread.run(Thread.java:829)

6月 15, 2025 10:55:51 下午 org.apache.catalina.startup.ContextConfig processAnnotationsJar
SEVERE: Unable to process Jar entry [module-info.class] from Jar [jar:file:/Users/mbpr-m4/.m2/repository/com/fasterxml/jackson/core/jackson-annotations/2.13.3/jackson-annotations-2.13.3.jar!/] for annotations
org.apache.tomcat.util.bcel.classfile.ClassFormatException: Invalid byte tag in constant pool: 19
	at org.apache.tomcat.util.bcel.classfile.Constant.readConstant(Constant.java:133)
	at org.apache.tomcat.util.bcel.classfile.ConstantPool.<init>(ConstantPool.java:60)
	at org.apache.tomcat.util.bcel.classfile.ClassParser.readConstantPool(ClassParser.java:209)
	at org.apache.tomcat.util.bcel.classfile.ClassParser.parse(ClassParser.java:119)
	at org.apache.catalina.startup.ContextConfig.processAnnotationsStream(ContextConfig.java:2134)
	at org.apache.catalina.startup.ContextConfig.processAnnotationsJar(ContextConfig.java:2010)
	at org.apache.catalina.startup.ContextConfig.processAnnotationsUrl(ContextConfig.java:1976)
	at org.apache.catalina.startup.ContextConfig.processAnnotations(ContextConfig.java:1961)
	at org.apache.catalina.startup.ContextConfig.webConfig(ContextConfig.java:1319)
	at org.apache.catalina.startup.ContextConfig.configureStart(ContextConfig.java:878)
	at org.apache.catalina.startup.ContextConfig.lifecycleEvent(ContextConfig.java:376)
	at org.apache.catalina.util.LifecycleSupport.fireLifecycleEvent(LifecycleSupport.java:119)
	at org.apache.catalina.util.LifecycleBase.fireLifecycleEvent(LifecycleBase.java:90)
	at org.apache.catalina.core.StandardContext.startInternal(StandardContext.java:5322)
	at org.apache.catalina.util.LifecycleBase.start(LifecycleBase.java:150)
	at org.apache.catalina.core.ContainerBase$StartChild.call(ContainerBase.java:1559)
	at org.apache.catalina.core.ContainerBase$StartChild.call(ContainerBase.java:1549)
	at java.base/java.util.concurrent.FutureTask.run(FutureTask.java:264)
	at java.base/java.util.concurrent.ThreadPoolExecutor.runWorker(ThreadPoolExecutor.java:1128)
	at java.base/java.util.concurrent.ThreadPoolExecutor$Worker.run(ThreadPoolExecutor.java:628)
	at java.base/java.lang.Thread.run(Thread.java:829)

6月 15, 2025 10:55:51 下午 org.apache.catalina.startup.ContextConfig processAnnotationsJar
SEVERE: Unable to process Jar entry [META-INF/versions/9/module-info.class] from Jar [jar:file:/Users/mbpr-m4/.m2/repository/com/fasterxml/jackson/core/jackson-databind/2.13.3/jackson-databind-2.13.3.jar!/] for annotations
org.apache.tomcat.util.bcel.classfile.ClassFormatException: Invalid byte tag in constant pool: 19
	at org.apache.tomcat.util.bcel.classfile.Constant.readConstant(Constant.java:133)
	at org.apache.tomcat.util.bcel.classfile.ConstantPool.<init>(ConstantPool.java:60)
	at org.apache.tomcat.util.bcel.classfile.ClassParser.readConstantPool(ClassParser.java:209)
	at org.apache.tomcat.util.bcel.classfile.ClassParser.parse(ClassParser.java:119)
	at org.apache.catalina.startup.ContextConfig.processAnnotationsStream(ContextConfig.java:2134)
	at org.apache.catalina.startup.ContextConfig.processAnnotationsJar(ContextConfig.java:2010)
	at org.apache.catalina.startup.ContextConfig.processAnnotationsUrl(ContextConfig.java:1976)
	at org.apache.catalina.startup.ContextConfig.processAnnotations(ContextConfig.java:1961)
	at org.apache.catalina.startup.ContextConfig.webConfig(ContextConfig.java:1319)
	at org.apache.catalina.startup.ContextConfig.configureStart(ContextConfig.java:878)
	at org.apache.catalina.startup.ContextConfig.lifecycleEvent(ContextConfig.java:376)
	at org.apache.catalina.util.LifecycleSupport.fireLifecycleEvent(LifecycleSupport.java:119)
	at org.apache.catalina.util.LifecycleBase.fireLifecycleEvent(LifecycleBase.java:90)
	at org.apache.catalina.core.StandardContext.startInternal(StandardContext.java:5322)
	at org.apache.catalina.util.LifecycleBase.start(LifecycleBase.java:150)
	at org.apache.catalina.core.ContainerBase$StartChild.call(ContainerBase.java:1559)
	at org.apache.catalina.core.ContainerBase$StartChild.call(ContainerBase.java:1549)
	at java.base/java.util.concurrent.FutureTask.run(FutureTask.java:264)
	at java.base/java.util.concurrent.ThreadPoolExecutor.runWorker(ThreadPoolExecutor.java:1128)
	at java.base/java.util.concurrent.ThreadPoolExecutor$Worker.run(ThreadPoolExecutor.java:628)
	at java.base/java.lang.Thread.run(Thread.java:829)

6月 15, 2025 10:55:51 下午 org.apache.coyote.AbstractProtocol start
INFO: Starting ProtocolHandler ["http-bio-8084"]
